2025-07-27 00:03:21,963 - INFO - Conectando ao MinIO/S3 em localhost:9000 com usuário 'admin'
2025-07-27 00:03:21,964 - INFO - Cliente MinIO/S3 criado com sucesso
2025-07-27 00:03:21,967 - INFO - Bucket 'ibov' já existe
2025-07-27 00:03:21,968 - INFO - Criando pasta '20250727' no bucket 'ibov'
2025-07-27 00:04:37,248 - INFO - Conectando ao MinIO/S3 em localhost:9000 com usuário 'admin'
2025-07-27 00:04:37,249 - INFO - Cliente MinIO/S3 criado com sucesso
2025-07-27 00:04:37,252 - INFO - Bucket 'ibov' já existe
2025-07-27 00:04:37,253 - INFO - Criando pasta '20250727' no bucket 'ibov'
2025-07-27 00:04:37,269 - INFO - Pasta '20250727' criada com sucesso
2025-07-27 00:04:37,269 - INFO - Nenhum arquivo .parquet encontrado em 'data'
2025-07-27 00:04:37,269 - INFO - Listando buckets disponíveis...
2025-07-27 00:04:37,272 - INFO - Bucket encontrado: ibov
2025-07-27 00:05:11,707 - INFO - Conectando ao MinIO/S3 em localhost:9000 com usuário 'admin'
2025-07-27 00:05:11,708 - INFO - Cliente MinIO/S3 criado com sucesso
2025-07-27 00:05:11,708 - DEBUG - Starting new HTTP connection (1): localhost:9000
2025-07-27 00:05:11,711 - DEBUG - http://localhost:9000 "GET /ibov?location= HTTP/1.1" 200 0
2025-07-27 00:05:11,711 - DEBUG - http://localhost:9000 "HEAD /ibov HTTP/1.1" 200 0
2025-07-27 00:05:11,712 - INFO - Bucket 'ibov' já existe
2025-07-27 00:05:11,713 - DEBUG - http://localhost:9000 "HEAD /ibov/20250727/.keep HTTP/1.1" 200 0
2025-07-27 00:05:11,714 - INFO - Pasta '20250727' já existe no bucket 'ibov'
2025-07-27 00:05:11,714 - INFO - Nenhum arquivo .parquet encontrado em 'data'
2025-07-27 00:05:11,714 - INFO - Listando buckets disponíveis...
2025-07-27 00:05:11,715 - DEBUG - http://localhost:9000 "GET / HTTP/1.1" 200 0
2025-07-27 00:05:11,717 - INFO - Bucket encontrado: ibov
2025-07-27 00:05:11,718 - DEBUG - http://localhost:9000 "GET /ibov?delimiter=&encoding-type=url&list-type=2&max-keys=1000&prefix= HTTP/1.1" 200 0
2025-07-27 00:06:27,572 - INFO - Conectando ao MinIO/S3 em localhost:9000 com usuário 'admin'
2025-07-27 00:06:27,573 - INFO - Cliente MinIO/S3 criado com sucesso
2025-07-27 00:06:27,573 - DEBUG - Starting new HTTP connection (1): localhost:9000
2025-07-27 00:06:27,576 - DEBUG - http://localhost:9000 "GET /ibov?location= HTTP/1.1" 200 0
2025-07-27 00:06:27,577 - DEBUG - http://localhost:9000 "HEAD /ibov HTTP/1.1" 200 0
2025-07-27 00:06:27,577 - INFO - Bucket 'ibov' já existe
2025-07-27 00:06:27,578 - DEBUG - http://localhost:9000 "HEAD /ibov/20250727/.keep HTTP/1.1" 200 0
2025-07-27 00:06:27,579 - INFO - Pasta '20250727' já existe no bucket 'ibov'
2025-07-27 00:06:27,579 - INFO - Encontrados 1 arquivo(s) .parquet para upload
2025-07-27 00:06:27,579 - INFO - Fazendo upload de 'ibov_complete_data_20250727_000602.parquet' (8998 bytes) para '20250727/ibov_complete_data_20250727_000602.parquet'
2025-07-27 00:06:27,587 - DEBUG - http://localhost:9000 "PUT /ibov/20250727/ibov_complete_data_20250727_000602.parquet HTTP/1.1" 200 0
2025-07-27 00:06:27,587 - INFO - Upload concluído: 'ibov_complete_data_20250727_000602.parquet'
2025-07-27 00:06:27,587 - INFO - Upload concluído: 1/1 arquivos enviados
2025-07-27 00:06:27,587 - INFO - Listando buckets disponíveis...
2025-07-27 00:06:27,589 - DEBUG - http://localhost:9000 "GET / HTTP/1.1" 200 0
2025-07-27 00:06:27,590 - INFO - Bucket encontrado: ibov
2025-07-27 00:06:27,592 - DEBUG - http://localhost:9000 "GET /ibov?delimiter=&encoding-type=url&list-type=2&max-keys=1000&prefix= HTTP/1.1" 200 0
